2025-04-03 22:38:59,616 [INFO] Activator:176 - 


2025-04-03 22:38:59,619 [INFO] Activator:177 - !SESSION log4j initialized
2025-04-03 22:39:05,790 [INFO] LogOutputStream:77 - [STDOUT_REDIRECT] 
2025-04-03 22:39:07,200 [INFO] ApplicationProperties:184 - Using Application install path: /opt/st/stm32cubeide_1.16.1/plugins/com.st.stm32cube.common.mx_6.12.1.202409122256
2025-04-03 22:39:07,226 [INFO] DbMcusXml:78 - Set database path to: /opt/st/stm32cubeide_1.16.1/plugins/com.st.stm32cube.common.mx_6.12.1.202409122256//db//mcu/
2025-04-03 22:39:07,226 [INFO] ApiDb:274 - Set plugin database path to: /opt/st/stm32cubeide_1.16.1/plugins/com.st.stm32cube.common.mx_6.12.1.202409122256//db//plugins/boardmanager/
2025-04-03 22:39:07,227 [WARN] ApiDb:259 - Overriding images path with different value:  => /opt/st/stm32cubeide_1.16.1/plugins/com.st.stm32cube.common.mx_6.12.1.202409122256//db//plugins/mcufinder/images/
2025-04-03 22:39:07,238 [INFO] ApiDb:250 - Set database path to: /home/aizaz/.stmcufinder/plugins/mcufinder//mcu/
2025-04-03 22:39:07,239 [INFO] DbMcusAds:125 - Set database path to: /home/aizaz/.stmcufinder/plugins/mcufinder//mcu/
2025-04-03 22:39:07,242 [INFO] CrossReferenceDbSqlite:203 - Set database path to: /home/aizaz/.stmcufinder/plugins/mcufinder//mcu/cs/
2025-04-03 22:39:07,376 [INFO] RulesReader:64 - Compatibility file has been processed (297 Rules)
2025-04-03 22:39:07,482 [INFO] DbMcusXml:78 - Set database path to: /opt/st/stm32cubeide_1.16.1/plugins/com.st.stm32cube.common.mx_6.12.1.202409122256//db//mcu/
2025-04-03 22:39:07,482 [INFO] ApiDb:274 - Set plugin database path to: /opt/st/stm32cubeide_1.16.1/plugins/com.st.stm32cube.common.mx_6.12.1.202409122256//db//plugins/boardmanager/
2025-04-03 22:39:07,483 [INFO] ApiDb:261 - Set plugin images path to: /opt/st/stm32cubeide_1.16.1/plugins/com.st.stm32cube.common.mx_6.12.1.202409122256//db//plugins/mcufinder/images/
2025-04-03 22:39:07,483 [WARN] DbFile:41 - Overriding database path with different value: /home/aizaz/.stmcufinder/plugins/mcufinder/ => /home/aizaz/.stmcufinder/plugins/mcufinder
2025-04-03 22:39:07,487 [INFO] ApiDb:250 - Set database path to: /home/aizaz/.stmcufinder/plugins/mcufinder//mcu/
2025-04-03 22:39:07,487 [WARN] DbFile:41 - Overriding database path with different value: /home/aizaz/.stmcufinder/plugins/mcufinder/ => /home/aizaz/.stmcufinder/plugins/mcufinder
2025-04-03 22:39:07,488 [INFO] DbMcusAds:125 - Set database path to: /home/aizaz/.stmcufinder/plugins/mcufinder//mcu/
2025-04-03 22:39:07,488 [WARN] DbFile:41 - Overriding database path with different value: /home/aizaz/.stmcufinder/plugins/mcufinder/ => /home/aizaz/.stmcufinder/plugins/mcufinder
2025-04-03 22:39:07,488 [WARN] DbFile:41 - Overriding database path with different value: /home/aizaz/.stmcufinder/plugins/mcufinder/ => /home/aizaz/.stmcufinder/plugins/mcufinder
2025-04-03 22:39:07,488 [INFO] CrossReferenceDbSqlite:203 - Set database path to: /home/aizaz/.stmcufinder/plugins/mcufinder//mcu/cs/
2025-04-03 22:39:07,584 [INFO] MainPanel:268 - HeapMemory: 268435456
2025-04-03 22:39:07,759 [INFO] DbMcusXml:78 - Set database path to: /opt/st/stm32cubeide_1.16.1/plugins/com.st.stm32cube.common.mx_6.12.1.202409122256//db//mcu/
2025-04-03 22:39:07,759 [INFO] ApiDb:274 - Set plugin database path to: /opt/st/stm32cubeide_1.16.1/plugins/com.st.stm32cube.common.mx_6.12.1.202409122256//db//plugins/boardmanager/
2025-04-03 22:39:07,759 [INFO] ApiDb:261 - Set plugin images path to: /opt/st/stm32cubeide_1.16.1/plugins/com.st.stm32cube.common.mx_6.12.1.202409122256//db//plugins/mcufinder/images/
2025-04-03 22:39:07,759 [WARN] DbFile:41 - Overriding database path with different value: /home/aizaz/.stmcufinder/plugins/mcufinder/ => /home/aizaz/.stmcufinder/plugins/mcufinder
2025-04-03 22:39:07,759 [INFO] ApiDb:250 - Set database path to: /home/aizaz/.stmcufinder/plugins/mcufinder//mcu/
2025-04-03 22:39:07,759 [WARN] DbFile:41 - Overriding database path with different value: /home/aizaz/.stmcufinder/plugins/mcufinder/ => /home/aizaz/.stmcufinder/plugins/mcufinder
2025-04-03 22:39:07,760 [INFO] DbMcusAds:125 - Set database path to: /home/aizaz/.stmcufinder/plugins/mcufinder//mcu/
2025-04-03 22:39:07,760 [WARN] DbFile:41 - Overriding database path with different value: /home/aizaz/.stmcufinder/plugins/mcufinder/ => /home/aizaz/.stmcufinder/plugins/mcufinder
2025-04-03 22:39:07,760 [WARN] DbFile:41 - Overriding database path with different value: /home/aizaz/.stmcufinder/plugins/mcufinder/ => /home/aizaz/.stmcufinder/plugins/mcufinder
2025-04-03 22:39:07,760 [INFO] CrossReferenceDbSqlite:203 - Set database path to: /home/aizaz/.stmcufinder/plugins/mcufinder//mcu/cs/
2025-04-03 22:39:07,776 [INFO] ApplicationProperties:184 - Using Application install path: /opt/st/stm32cubeide_1.16.1/plugins/com.st.stm32cube.common.mx_6.12.1.202409122256
2025-04-03 22:39:07,777 [INFO] PluginManage:196 - Search for loadable plugins [exclusion list=, ]
2025-04-03 22:39:07,778 [INFO] PluginManage:310 - Check plugin analytics
2025-04-03 22:39:07,937 [INFO] AnalyticsPlugin:253 - Accepted Software Licenses: 
2025-04-03 22:39:07,937 [INFO] AnalyticsPlugin:255 - Accepted CMSIS Pack Licenses: 
2025-04-03 22:39:07,938 [INFO] AnalyticsPlugin:257 - Accepted Firmware Licenses: FW.F4.1.28.0
2025-04-03 22:39:07,940 [INFO] PluginManage:359 - Loaded plugin analytics (category:tool,tabindex:-1)
2025-04-03 22:39:07,940 [INFO] PluginManage:310 - Check plugin cadmodel
2025-04-03 22:39:07,945 [INFO] CADModel:105 - Init CAD model plugin
2025-04-03 22:39:07,946 [INFO] PluginManage:359 - Loaded plugin cadmodel (category:power,tabindex:5)
2025-04-03 22:39:07,946 [INFO] PluginManage:310 - Check plugin clock
2025-04-03 22:39:07,957 [INFO] PluginManage:359 - Loaded plugin clock (category:base,tabindex:2)
2025-04-03 22:39:07,957 [INFO] PluginManage:310 - Check plugin ddr
2025-04-03 22:39:07,959 [INFO] PluginManage:359 - Loaded plugin ddr (category:tool,tabindex:6)
2025-04-03 22:39:07,959 [INFO] PluginManage:310 - Check plugin filemanager
2025-04-03 22:39:08,114 [INFO] PluginManage:359 - Loaded plugin filemanager (category:base,tabindex:10)
2025-04-03 22:39:08,115 [INFO] PluginManage:310 - Check plugin ipmanager
2025-04-03 22:39:08,122 [INFO] PluginManage:359 - Loaded plugin ipmanager (category:base,tabindex:5)
2025-04-03 22:39:08,122 [INFO] PluginManage:310 - Check plugin lpbam
2025-04-03 22:39:08,134 [INFO] PluginManage:359 - Loaded plugin lpbam (category:base,tabindex:0)
2025-04-03 22:39:08,134 [INFO] PluginManage:310 - Check plugin memorymap
2025-04-03 22:39:08,151 [INFO] PluginManage:359 - Loaded plugin memorymap (category:base,tabindex:4)
2025-04-03 22:39:08,152 [INFO] PluginManage:310 - Check plugin pinoutandconfiguration
2025-04-03 22:39:08,163 [INFO] PluginManage:359 - Loaded plugin pinoutandconfiguration (category:base,tabindex:1)
2025-04-03 22:39:08,163 [INFO] PluginManage:310 - Check plugin pinoutconfig
2025-04-03 22:39:08,250 [WARN] SupportedApi:132 - Cannot load RTOS API schema: s4s-elt-must-match.1: The content of 'definitions' must match (annotation?, (simpleType | complexType)?, (unique | key | keyref)*)). A problem was found starting at: attribute.
2025-04-03 22:39:08,367 [INFO] PluginManage:359 - Loaded plugin pinoutconfig (category:base,tabindex:0)
2025-04-03 22:39:08,367 [INFO] PluginManage:310 - Check plugin power
2025-04-03 22:39:08,379 [INFO] PluginManage:359 - Loaded plugin power (category:power,tabindex:4)
2025-04-03 22:39:08,379 [INFO] PluginManage:310 - Check plugin projectmanager
2025-04-03 22:39:08,391 [INFO] PluginManage:359 - Loaded plugin projectmanager (category:projectmanager,tabindex:4)
2025-04-03 22:39:08,392 [INFO] PluginManage:310 - Check plugin rif
2025-04-03 22:39:08,397 [INFO] PluginManage:359 - Loaded plugin rif (category:base,tabindex:3)
2025-04-03 22:39:08,398 [INFO] PluginManage:310 - Check plugin thirdparty
2025-04-03 22:39:08,508 [INFO] PluginManage:359 - Loaded plugin thirdparty (category:base,tabindex:-1)
2025-04-03 22:39:08,508 [WARN] IntegrityCheckThread:84 - waiting for thirdparty lock release [integrity check]
2025-04-03 22:39:08,508 [INFO] PluginManage:310 - Check plugin tools
2025-04-03 22:39:08,508 [INFO] IntegrityCheckThread:86 - entering critical section [integrity check]
2025-04-03 22:39:08,509 [INFO] ThirdPartyUpdaterWithRetryManager:70 - Updater plugin not ready yet. [1/15]
2025-04-03 22:39:08,511 [INFO] PluginManage:359 - Loaded plugin tools (category:base,tabindex:7)
2025-04-03 22:39:08,511 [INFO] PluginManage:310 - Check plugin tutovideos
2025-04-03 22:39:08,665 [INFO] PluginManage:359 - Loaded plugin tutovideos (category:base,tabindex:-1)
2025-04-03 22:39:08,665 [INFO] PluginManage:310 - Check plugin updater
2025-04-03 22:39:08,681 [INFO] PluginManage:359 - Loaded plugin updater (category:base,tabindex:12)
2025-04-03 22:39:08,681 [INFO] PluginManage:310 - Check plugin userauth
2025-04-03 22:39:08,686 [INFO] UserAuth:113 - Init User Auth plugin
2025-04-03 22:39:08,686 [INFO] PluginManage:359 - Loaded plugin userauth (category:base,tabindex:14)
2025-04-03 22:39:08,687 [INFO] PluginManage:283 - PluginManage : Loaded plugins [18]
2025-04-03 22:39:08,834 [INFO] PinOutPanel:1561 - setPackage(No Configuration,No Configuration)
2025-04-03 22:39:08,910 [INFO] CADModel:165 - CPN selected for project level
2025-04-03 22:39:08,911 [INFO] CADModel:114 - Register for checkConnection events
2025-04-03 22:39:08,921 [INFO] IPUIPlugin:80 - create IPUIPlugin
2025-04-03 22:39:08,921 [INFO] PluginManager:220 - loadIPPluginJar : add genericplugin
2025-04-03 22:39:08,927 [INFO] IPUIPlugin:80 - create IPUIPlugin
2025-04-03 22:39:08,927 [INFO] PluginManager:220 - loadIPPluginJar : add i3c
2025-04-03 22:39:08,930 [INFO] IPUIPlugin:80 - create IPUIPlugin
2025-04-03 22:39:08,930 [INFO] PluginManager:220 - loadIPPluginJar : add touchsensing
2025-04-03 22:39:08,932 [INFO] IPUIPlugin:80 - create IPUIPlugin
2025-04-03 22:39:08,932 [INFO] PluginManager:220 - loadIPPluginJar : add hash
2025-04-03 22:39:08,935 [INFO] IPUIPlugin:80 - create IPUIPlugin
2025-04-03 22:39:08,936 [INFO] PluginManager:220 - loadIPPluginJar : add gic
2025-04-03 22:39:08,937 [INFO] IPUIPlugin:80 - create IPUIPlugin
2025-04-03 22:39:08,937 [INFO] PluginManager:220 - loadIPPluginJar : add tsc
2025-04-03 22:39:08,939 [INFO] IPUIPlugin:80 - create IPUIPlugin
2025-04-03 22:39:08,939 [INFO] PluginManager:220 - loadIPPluginJar : add lorawan
2025-04-03 22:39:08,941 [INFO] IPUIPlugin:80 - create IPUIPlugin
2025-04-03 22:39:08,941 [INFO] PluginManager:220 - loadIPPluginJar : add radio
2025-04-03 22:39:08,944 [INFO] IPUIPlugin:80 - create IPUIPlugin
2025-04-03 22:39:08,944 [INFO] PluginManager:220 - loadIPPluginJar : add opamp
2025-04-03 22:39:08,946 [INFO] IPUIPlugin:80 - create IPUIPlugin
2025-04-03 22:39:08,946 [INFO] PluginManager:220 - loadIPPluginJar : add spi
2025-04-03 22:39:08,948 [INFO] IPUIPlugin:80 - create IPUIPlugin
2025-04-03 22:39:08,948 [INFO] PluginManager:220 - loadIPPluginJar : add tracer_emb
2025-04-03 22:39:08,952 [INFO] IPUIPlugin:80 - create IPUIPlugin
2025-04-03 22:39:08,953 [INFO] PluginManager:220 - loadIPPluginJar : add gpio
2025-04-03 22:39:08,955 [INFO] IPUIPlugin:80 - create IPUIPlugin
2025-04-03 22:39:08,955 [INFO] PluginManager:220 - loadIPPluginJar : add gfxmmu
2025-04-03 22:39:08,957 [INFO] IPUIPlugin:80 - create IPUIPlugin
2025-04-03 22:39:08,957 [INFO] PluginManager:220 - loadIPPluginJar : add i2c
2025-04-03 22:39:08,963 [INFO] IPUIPlugin:80 - create IPUIPlugin
2025-04-03 22:39:08,963 [INFO] PluginManager:220 - loadIPPluginJar : add adc
2025-04-03 22:39:08,967 [INFO] IPUIPlugin:80 - create IPUIPlugin
2025-04-03 22:39:08,967 [INFO] PluginManager:220 - loadIPPluginJar : add nvic
2025-04-03 22:39:08,968 [INFO] IPUIPlugin:80 - create IPUIPlugin
2025-04-03 22:39:08,968 [INFO] PluginManager:220 - loadIPPluginJar : add fatfs
2025-04-03 22:39:08,970 [INFO] IPUIPlugin:80 - create IPUIPlugin
2025-04-03 22:39:08,970 [INFO] PluginManager:220 - loadIPPluginJar : add tim
2025-04-03 22:39:08,971 [INFO] IPUIPlugin:80 - create IPUIPlugin
2025-04-03 22:39:08,972 [INFO] PluginManager:220 - loadIPPluginJar : add dfsdm
2025-04-03 22:39:08,973 [INFO] IPUIPlugin:80 - create IPUIPlugin
2025-04-03 22:39:08,973 [INFO] PluginManager:220 - loadIPPluginJar : add quadspi
2025-04-03 22:39:08,975 [INFO] IPUIPlugin:80 - create IPUIPlugin
2025-04-03 22:39:08,975 [INFO] PluginManager:220 - loadIPPluginJar : add aes
2025-04-03 22:39:08,977 [INFO] IPUIPlugin:80 - create IPUIPlugin
2025-04-03 22:39:08,977 [INFO] PluginManager:220 - loadIPPluginJar : add cryp
2025-04-03 22:39:08,984 [INFO] IPUIPlugin:80 - create IPUIPlugin
2025-04-03 22:39:08,985 [INFO] PluginManager:220 - loadIPPluginJar : add linkedlist
2025-04-03 22:39:08,987 [INFO] IPUIPlugin:80 - create IPUIPlugin
2025-04-03 22:39:08,987 [INFO] PluginManager:220 - loadIPPluginJar : add ddr_ctrl_phy
2025-04-03 22:39:08,991 [INFO] IPUIPlugin:80 - create IPUIPlugin
2025-04-03 22:39:08,991 [INFO] PluginManager:220 - loadIPPluginJar : add resmgrutility
2025-04-03 22:39:09,010 [INFO] IPUIPlugin:80 - create IPUIPlugin
2025-04-03 22:39:09,010 [INFO] PluginManager:220 - loadIPPluginJar : add dma
2025-04-03 22:39:09,012 [INFO] IPUIPlugin:80 - create IPUIPlugin
2025-04-03 22:39:09,012 [INFO] PluginManager:220 - loadIPPluginJar : add comp
2025-04-03 22:39:09,014 [INFO] IPUIPlugin:80 - create IPUIPlugin
2025-04-03 22:39:09,014 [INFO] PluginManager:220 - loadIPPluginJar : add usbx
2025-04-03 22:39:09,018 [INFO] IPUIPlugin:80 - create IPUIPlugin
2025-04-03 22:39:09,018 [INFO] PluginManager:220 - loadIPPluginJar : add ipddr
2025-04-03 22:39:09,020 [INFO] IPUIPlugin:80 - create IPUIPlugin
2025-04-03 22:39:09,020 [INFO] PluginManager:220 - loadIPPluginJar : add i2s
2025-04-03 22:39:09,023 [INFO] IPUIPlugin:80 - create IPUIPlugin
2025-04-03 22:39:09,023 [INFO] PluginManager:220 - loadIPPluginJar : add fmc
2025-04-03 22:39:09,035 [INFO] IPUIPlugin:80 - create IPUIPlugin
2025-04-03 22:39:09,036 [INFO] PluginManager:220 - loadIPPluginJar : add mdma
2025-04-03 22:39:09,038 [INFO] IPUIPlugin:80 - create IPUIPlugin
2025-04-03 22:39:09,039 [INFO] PluginManager:220 - loadIPPluginJar : add extmemmanager
2025-04-03 22:39:09,041 [INFO] IPUIPlugin:80 - create IPUIPlugin
2025-04-03 22:39:09,042 [INFO] PluginManager:220 - loadIPPluginJar : add openamp
2025-04-03 22:39:09,050 [INFO] IPUIPlugin:80 - create IPUIPlugin
2025-04-03 22:39:09,053 [INFO] PluginManager:220 - loadIPPluginJar : add plateformsettings
2025-04-03 22:39:09,055 [INFO] IPUIPlugin:80 - create IPUIPlugin
2025-04-03 22:39:09,055 [INFO] PluginManager:220 - loadIPPluginJar : add ts
2025-04-03 22:39:09,057 [INFO] IPUIPlugin:80 - create IPUIPlugin
2025-04-03 22:39:09,057 [INFO] PluginManager:220 - loadIPPluginJar : add can
2025-04-03 22:39:09,059 [INFO] IPUIPlugin:80 - create IPUIPlugin
2025-04-03 22:39:09,059 [INFO] PluginManager:220 - loadIPPluginJar : add ucpd
2025-04-03 22:39:09,061 [INFO] IPUIPlugin:80 - create IPUIPlugin
2025-04-03 22:39:09,061 [INFO] PluginManager:220 - loadIPPluginJar : add gtzc
2025-04-03 22:39:09,063 [INFO] IPUIPlugin:80 - create IPUIPlugin
2025-04-03 22:39:09,063 [INFO] PluginManager:220 - loadIPPluginJar : add dma3
2025-04-03 22:39:09,069 [INFO] IPUIPlugin:80 - create IPUIPlugin
2025-04-03 22:39:09,069 [INFO] PluginManager:220 - loadIPPluginJar : add stm32_wpan
2025-04-03 22:39:09,076 [INFO] IPUIPlugin:80 - create IPUIPlugin
2025-04-03 22:39:09,076 [INFO] PluginManager:220 - loadIPPluginJar : add freertos
2025-04-03 22:39:09,079 [INFO] IPUIPlugin:80 - create IPUIPlugin
2025-04-03 22:39:09,079 [INFO] PluginManager:220 - loadIPPluginJar : add pdm2pcm
2025-04-03 22:39:09,080 [INFO] IPUIPlugin:80 - create IPUIPlugin
2025-04-03 22:39:09,080 [INFO] PluginManager:220 - loadIPPluginJar : add ltdc
2025-04-03 22:39:09,082 [INFO] IPUIPlugin:80 - create IPUIPlugin
2025-04-03 22:39:09,082 [INFO] PluginManager:220 - loadIPPluginJar : add usart
2025-04-03 22:39:09,084 [INFO] IPUIPlugin:80 - create IPUIPlugin
2025-04-03 22:39:09,084 [INFO] PluginManager:220 - loadIPPluginJar : add sai
2025-04-03 22:39:09,178 [INFO] CADModel:165 - CPN selected for project level
2025-04-03 22:39:09,178 [INFO] CADModel:114 - Register for checkConnection events
2025-04-03 22:39:09,179 [FATAL] Updater:334 - Updater called before beeing initialized
2025-04-03 22:39:09,179 [ERROR] CADModel:125 - Updater not yet initialized, retry later 
2025-04-03 22:39:09,303 [INFO] CADModel:165 - CPN selected for project level
2025-04-03 22:39:09,303 [INFO] CADModel:114 - Register for checkConnection events
2025-04-03 22:39:09,303 [FATAL] Updater:334 - Updater called before beeing initialized
2025-04-03 22:39:09,303 [ERROR] CADModel:125 - Updater not yet initialized, retry later 
2025-04-03 22:39:09,306 [FATAL] Updater:334 - Updater called before beeing initialized
2025-04-03 22:39:09,372 [FATAL] Updater:334 - Updater called before beeing initialized
2025-04-03 22:39:09,377 [INFO] DbMcusAds:53 - JSON generation date=Thu Mar 06 19:54:21 PKT 2025 (1741272861825)
2025-04-03 22:39:09,377 [FATAL] Updater:334 - Updater called before beeing initialized
2025-04-03 22:39:09,417 [WARN] DetailPanel:346 - Failed to get advertising image, set to default
2025-04-03 22:39:09,485 [FATAL] Updater:334 - Updater called before beeing initialized
2025-04-03 22:39:09,486 [FATAL] Updater:334 - Updater called before beeing initialized
2025-04-03 22:39:09,486 [FATAL] Updater:334 - Updater called before beeing initialized
2025-04-03 22:39:09,486 [WARN] DetailPanel:346 - Failed to get advertising image, set to default
2025-04-03 22:39:09,487 [FATAL] Updater:334 - Updater called before beeing initialized
2025-04-03 22:39:09,521 [ERROR] Updater:1164 - MainUpdater not yet initialized. External WinMGr cannot be set.
2025-04-03 22:39:09,524 [INFO] Updater:1100 - Updater Version found : 6.12.1
2025-04-03 22:39:09,547 [INFO] ApplicationProperties:184 - Using Application install path: /opt/st/stm32cubeide_1.16.1/plugins/com.st.stm32cube.common.mx_6.12.1.202409122256
2025-04-03 22:39:09,905 [INFO] MainUpdater:2873 - connection check result : 10
2025-04-03 22:39:09,906 [INFO] MainUpdater:3567 - Updater definition file requires update
2025-04-03 22:39:09,907 [INFO] MainUpdater:290 - Updater Check For Update Now.
2025-04-03 22:39:09,907 [INFO] MicroXplorer:498 - Change Database Version : DB.6.0.121
2025-04-03 22:39:09,914 [INFO] McuFinderGlobals:63 - Set McuFinder mode to 2 (CubeIDE integrated)
2025-04-03 22:39:09,916 [INFO] UserAuth:417 - Internet connection configuration mode: 1
2025-04-03 22:39:09,942 [INFO] JxBrowserEngine:152 - Initiate JxBrowser Engine with user profile folder
2025-04-03 22:39:10,340 [INFO] ServerAccessManage:473 - Download File updaters.zip
2025-04-03 22:39:10,664 [INFO] FileExtend:240 - Unzip File : updaters.zip
2025-04-03 22:39:10,665 [INFO] FileExtend:255 - Standard Zip Deflate
2025-04-03 22:39:11,190 [INFO] ServerAccessManage:473 - Download File PacksControlFlags.xml
2025-04-03 22:39:11,510 [WARN] MainUpdater:1194 - Updater busy. Cannot search thirdparties
2025-04-03 22:39:11,510 [INFO] ThirdPartyUpdaterWithRetryManager:96 - Updater plugin is busy. [1/15]
2025-04-03 22:39:11,711 [INFO] ServerAccessManage:473 - Download File cubemx.pidx
2025-04-03 22:39:11,716 [INFO] WebApp:167 - Instantiating new browser for Auth
2025-04-03 22:39:12,525 [INFO] ServerAccessManage:473 - Download File STMicroelectronics.X-CUBE-DPOWER.pdsc
2025-04-03 22:39:12,840 [INFO] WebApp:448 - Apply proxy settings
2025-04-03 22:39:12,841 [INFO] WebApp:533 - Chromium requires no authentication
2025-04-03 22:39:12,847 [INFO] WebApp:476 - Direct internet connection detected
2025-04-03 22:39:12,870 [INFO] WebApp:869 - Register for checkConnection events
2025-04-03 22:39:12,871 [INFO] WebApp:448 - Apply proxy settings
2025-04-03 22:39:12,871 [INFO] WebApp:533 - Chromium requires no authentication
2025-04-03 22:39:12,871 [INFO] WebApp:476 - Direct internet connection detected
2025-04-03 22:39:13,006 [INFO] WebApp:220 - Starting web application
2025-04-03 22:39:13,007 [INFO] WebApp:578 - Web application path used /opt/st/stm32cubeide_1.16.1/plugins/com.st.stm32cube.common.mx_6.12.1.202409122256/db/plugins/mcufinder/reactClient1/index.html
2025-04-03 22:39:13,135 [INFO] UserAuth:417 - Internet connection configuration mode: 1
2025-04-03 22:39:14,266 [ERROR] ServerAccessManage:1089 - Problem, file not found on Server
2025-04-03 22:39:14,323 [INFO] WebApp:186 - Connection restablished
2025-04-03 22:39:14,510 [WARN] MainUpdater:1194 - Updater busy. Cannot search thirdparties
2025-04-03 22:39:14,511 [INFO] ThirdPartyUpdaterWithRetryManager:96 - Updater plugin is busy. [2/15]
2025-04-03 22:39:15,208 [ERROR] ServerAccessManage:1089 - Problem, file not found on Server
2025-04-03 22:39:15,748 [ERROR] ServerAccessManage:1089 - Problem, file not found on Server
2025-04-03 22:39:16,827 [ERROR] ServerAccessManage:1089 - Problem, file not found on Server
2025-04-03 22:39:17,511 [WARN] MainUpdater:1194 - Updater busy. Cannot search thirdparties
2025-04-03 22:39:17,512 [INFO] ThirdPartyUpdaterWithRetryManager:96 - Updater plugin is busy. [3/15]
2025-04-03 22:39:17,942 [ERROR] ServerAccessManage:1089 - Problem, file not found on Server
2025-04-03 22:39:19,003 [ERROR] ServerAccessManage:1089 - Problem, file not found on Server
2025-04-03 22:39:20,114 [ERROR] ServerAccessManage:1089 - Problem, file not found on Server
2025-04-03 22:39:20,513 [WARN] MainUpdater:1194 - Updater busy. Cannot search thirdparties
2025-04-03 22:39:20,513 [INFO] ThirdPartyUpdaterWithRetryManager:96 - Updater plugin is busy. [4/15]
2025-04-03 22:39:21,235 [ERROR] ServerAccessManage:1089 - Problem, file not found on Server
2025-04-03 22:39:22,399 [ERROR] ServerAccessManage:1089 - Problem, file not found on Server
2025-04-03 22:39:23,178 [ERROR] ServerAccessManage:1089 - Problem, file not found on Server
2025-04-03 22:39:23,514 [WARN] MainUpdater:1194 - Updater busy. Cannot search thirdparties
2025-04-03 22:39:23,514 [INFO] ThirdPartyUpdaterWithRetryManager:96 - Updater plugin is busy. [5/15]
2025-04-03 22:39:24,297 [ERROR] ServerAccessManage:1089 - Problem, file not found on Server
2025-04-03 22:39:25,060 [WARN] PackLoader:240 - Cannot read IP mode file for STMicroelectronics.X-CUBE-DPower.1.3.0
2025-04-03 22:39:25,062 [INFO] PopulateThirdPartyThread:66 - Ending populate Thread
2025-04-03 22:39:25,064 [INFO] ThirdParty:1030 - CMSIS Pack Vendor :STMicroelectronics X-CUBE-DPower 1.3.0
2025-04-03 22:39:25,064 [INFO] LoadServerUpdatesThread:375 - End of LoadServerUpdate Thread
2025-04-03 22:39:25,195 [INFO] CheckServerUpdateThread:120 - End of CheckServer Thread
2025-04-03 22:39:26,641 [WARN] PackLoader:240 - Cannot read IP mode file for STMicroelectronics.FP-SNS-MOTENVWB1.1.4.0
2025-04-03 22:39:26,645 [WARN] PackLoader:240 - Cannot read IP mode file for STMicroelectronics.FP-ATR-ASTRA1.2.0.2
2025-04-03 22:39:26,648 [WARN] PackLoader:240 - Cannot read IP mode file for STMicroelectronics.FP-ATR-ASTRA1.2.0.1
2025-04-03 22:39:26,652 [WARN] PackLoader:240 - Cannot read IP mode file for STMicroelectronics.X-CUBE-SMBUS.2.1.0
2025-04-03 22:39:26,660 [WARN] PackLoader:240 - Cannot read IP mode file for STMicroelectronics.X-CUBE-WB05N.1.1.0
2025-04-03 22:39:26,688 [WARN] PackLoader:240 - Cannot read IP mode file for STMicroelectronics.X-CUBE-AZRTOS-F7.1.1.0
2025-04-03 22:39:26,696 [WARN] PackLoader:240 - Cannot read IP mode file for STMicroelectronics.FP-SNS-FLIGHT1.5.0.2
2025-04-03 22:39:26,722 [WARN] PackLoader:240 - Cannot read IP mode file for Infineon.AIROC-Wi-Fi-Bluetooth-STM32.1.7.0
2025-04-03 22:39:26,733 [WARN] PackLoader:240 - Cannot read IP mode file for STMicroelectronics.X-CUBE-DISPLAY.3.0.0
2025-04-03 22:39:26,743 [WARN] PackLoader:240 - Cannot read IP mode file for STMicroelectronics.X-CUBE-BLE1.7.0.0
2025-04-03 22:39:26,749 [WARN] PackLoader:240 - Cannot read IP mode file for STMicroelectronics.X-CUBE-NFC10.1.0.0
2025-04-03 22:39:26,761 [WARN] PackLoader:240 - Cannot read IP mode file for STMicroelectronics.X-CUBE-BLEMGR.4.0.0
2025-04-03 22:39:26,767 [WARN] PackLoader:240 - Cannot read IP mode file for emotas.I-CUBE-CANOPEN.1.3.0
2025-04-03 22:39:26,769 [WARN] PackLoader:240 - Cannot read IP mode file for STMicroelectronics.X-CUBE-AI.10.0.0
2025-04-03 22:39:26,773 [WARN] PackLoader:240 - Cannot read IP mode file for STMicroelectronics.FP-SNS-SMARTAG2.1.2.0
2025-04-03 22:39:26,777 [ERROR] Engine:466 - /home/aizaz/.stm32cubemx/thirdparties/pdsc/STMicroelectronics.FP-SNS-FLIGHT1.5.1.0.pdsc: PDSC version is not supported
2025-04-03 22:39:26,839 [WARN] PackLoader:240 - Cannot read IP mode file for STMicroelectronics.X-CUBE-MEMS1.11.1.0
2025-04-03 22:39:27,011 [INFO] LogOutputStream:77 - [STDOUT_REDIRECT] 1 : Invalid condition id : UX_CORESTACK_Condition cause : null
2025-04-03 22:39:27,012 [INFO] LogOutputStream:77 - [STDOUT_REDIRECT] 1 : Invalid condition id : UX_CORESTACK_Condition cause : null
2025-04-03 22:39:27,012 [INFO] LogOutputStream:77 - [STDOUT_REDIRECT] 1 : Invalid condition id : UX_CORESTACK_Condition cause : null
2025-04-03 22:39:27,012 [INFO] LogOutputStream:77 - [STDOUT_REDIRECT] 1 : Invalid condition id : UX_CORESTACK_Condition cause : null
2025-04-03 22:39:27,012 [INFO] LogOutputStream:77 - [STDOUT_REDIRECT] 1 : Invalid condition id : UX_CORESTACK_Condition cause : null
2025-04-03 22:39:27,015 [WARN] PackLoader:240 - Cannot read IP mode file for STMicroelectronics.X-CUBE-AZRTOS-WL.2.0.0
2025-04-03 22:39:27,019 [WARN] PackLoader:240 - Cannot read IP mode file for STMicroelectronics.FP-SNS-MOTENV1.5.0.0
2025-04-03 22:39:27,024 [WARN] PackLoader:240 - Cannot read IP mode file for wolfSSL.I-CUBE-wolfMQTT.1.19.0
2025-04-03 22:39:27,029 [WARN] PackLoader:240 - Cannot read IP mode file for WES.I-CUBE-Cesium.1.3.0
2025-04-03 22:39:27,032 [WARN] PackLoader:240 - Cannot read IP mode file for STMicroelectronics.X-CUBE-BLE2.3.3.0
2025-04-03 22:39:27,038 [WARN] PackLoader:240 - Cannot read IP mode file for STMicroelectronics.X-CUBE-NFC9.1.0.0
2025-04-03 22:39:27,043 [WARN] PackLoader:240 - Cannot read IP mode file for STMicroelectronics.X-CUBE-BLE1.7.1.0
2025-04-03 22:39:27,058 [WARN] PackLoader:240 - Cannot read IP mode file for STMicroelectronics.X-CUBE-AZRTOS-G0.1.1.0
2025-04-03 22:39:27,063 [WARN] PackLoader:240 - Cannot read IP mode file for STMicroelectronics.X-CUBE-SAFEA1.1.2.2
2025-04-03 22:39:27,067 [WARN] PackLoader:240 - Cannot read IP mode file for STMicroelectronics.X-CUBE-NFC4.3.0.0
2025-04-03 22:39:27,075 [WARN] PackLoader:240 - Cannot read IP mode file for EmbeddedOffice.I-CUBE-FS-RTOS.1.0.1
2025-04-03 22:39:27,075 [ERROR] ConditionMgr:805 - Attr not supported : Dmpu
2025-04-03 22:39:27,076 [ERROR] ConditionMgr:805 - Attr not supported : Dmpu
2025-04-03 22:39:27,076 [ERROR] ConditionMgr:805 - Attr not supported : Dmpu
2025-04-03 22:39:27,076 [ERROR] ConditionMgr:805 - Attr not supported : Dmpu
2025-04-03 22:39:27,076 [ERROR] ConditionMgr:805 - Attr not supported : Dmpu
2025-04-03 22:39:27,076 [ERROR] ConditionMgr:805 - Attr not supported : Dmpu
2025-04-03 22:39:27,076 [ERROR] ConditionMgr:805 - Attr not supported : Dmpu
2025-04-03 22:39:27,076 [ERROR] ConditionMgr:805 - Attr not supported : Dmpu
2025-04-03 22:39:27,076 [ERROR] ConditionMgr:805 - Attr not supported : Dmpu
2025-04-03 22:39:27,076 [ERROR] ConditionMgr:805 - Attr not supported : Dmpu
2025-04-03 22:39:27,076 [ERROR] ConditionMgr:805 - Attr not supported : Dmpu
2025-04-03 22:39:27,076 [ERROR] ConditionMgr:805 - Attr not supported : Dmpu
2025-04-03 22:39:27,076 [ERROR] ConditionMgr:805 - Attr not supported : Dmpu
2025-04-03 22:39:27,076 [ERROR] ConditionMgr:805 - Attr not supported : Dmpu
2025-04-03 22:39:27,076 [ERROR] ConditionMgr:805 - Attr not supported : Dmpu
2025-04-03 22:39:27,077 [ERROR] ConditionMgr:805 - Attr not supported : Dmpu
2025-04-03 22:39:27,077 [ERROR] ConditionMgr:805 - Attr not supported : Dmpu
2025-04-03 22:39:27,077 [ERROR] ConditionMgr:805 - Attr not supported : Dmpu
2025-04-03 22:39:27,077 [ERROR] ConditionMgr:805 - Attr not supported : Dmpu
2025-04-03 22:39:27,077 [ERROR] ConditionMgr:805 - Attr not supported : Dmpu
2025-04-03 22:39:27,077 [ERROR] ConditionMgr:805 - Attr not supported : Dmpu
2025-04-03 22:39:27,077 [ERROR] ConditionMgr:805 - Attr not supported : Dmpu
2025-04-03 22:39:27,077 [ERROR] ConditionMgr:805 - Attr not supported : Dmpu
2025-04-03 22:39:27,077 [ERROR] ConditionMgr:805 - Attr not supported : Dmpu
2025-04-03 22:39:27,077 [ERROR] ConditionMgr:805 - Attr not supported : Dmpu
2025-04-03 22:39:27,077 [ERROR] ConditionMgr:805 - Attr not supported : Dmpu
2025-04-03 22:39:27,077 [ERROR] ConditionMgr:805 - Attr not supported : Dmpu
2025-04-03 22:39:27,077 [ERROR] ConditionMgr:805 - Attr not supported : Dmpu
2025-04-03 22:39:27,077 [ERROR] ConditionMgr:805 - Attr not supported : Dmpu
2025-04-03 22:39:27,077 [ERROR] ConditionMgr:805 - Attr not supported : Dmpu
2025-04-03 22:39:27,077 [ERROR] ConditionMgr:805 - Attr not supported : Dmpu
2025-04-03 22:39:27,077 [ERROR] ConditionMgr:805 - Attr not supported : Dmpu
2025-04-03 22:39:27,078 [ERROR] ConditionMgr:805 - Attr not supported : Dmpu
2025-04-03 22:39:27,078 [ERROR] ConditionMgr:805 - Attr not supported : Dmpu
2025-04-03 22:39:27,078 [ERROR] ConditionMgr:805 - Attr not supported : Dmpu
2025-04-03 22:39:27,078 [ERROR] ConditionMgr:805 - Attr not supported : Dmpu
2025-04-03 22:39:27,078 [ERROR] ConditionMgr:805 - Attr not supported : Dmpu
2025-04-03 22:39:27,078 [ERROR] ConditionMgr:805 - Attr not supported : Dmpu
2025-04-03 22:39:27,078 [ERROR] ConditionMgr:805 - Attr not supported : Dmpu
2025-04-03 22:39:27,078 [ERROR] ConditionMgr:805 - Attr not supported : Dmpu
2025-04-03 22:39:27,078 [ERROR] ConditionMgr:805 - Attr not supported : Dmpu
2025-04-03 22:39:27,078 [ERROR] ConditionMgr:805 - Attr not supported : Dmpu
2025-04-03 22:39:27,078 [ERROR] ConditionMgr:805 - Attr not supported : Dmpu
2025-04-03 22:39:27,078 [ERROR] ConditionMgr:805 - Attr not supported : Dmpu
2025-04-03 22:39:27,079 [ERROR] ConditionMgr:805 - Attr not supported : Dmpu
2025-04-03 22:39:27,079 [ERROR] ConditionMgr:805 - Attr not supported : Dmpu
2025-04-03 22:39:27,079 [ERROR] ConditionMgr:805 - Attr not supported : Dmpu
2025-04-03 22:39:27,079 [ERROR] ConditionMgr:805 - Attr not supported : Dmpu
2025-04-03 22:39:27,079 [ERROR] ConditionMgr:805 - Attr not supported : Dmpu
2025-04-03 22:39:27,079 [ERROR] ConditionMgr:805 - Attr not supported : Dmpu
2025-04-03 22:39:27,079 [ERROR] ConditionMgr:805 - Attr not supported : Dmpu
2025-04-03 22:39:27,079 [ERROR] ConditionMgr:805 - Attr not supported : Dmpu
2025-04-03 22:39:27,079 [ERROR] ConditionMgr:805 - Attr not supported : Dmpu
2025-04-03 22:39:27,079 [ERROR] ConditionMgr:805 - Attr not supported : Dmpu
2025-04-03 22:39:27,079 [ERROR] ConditionMgr:805 - Attr not supported : Dmpu
2025-04-03 22:39:27,080 [ERROR] ConditionMgr:805 - Attr not supported : Dmpu
2025-04-03 22:39:27,080 [ERROR] ConditionMgr:805 - Attr not supported : Dmpu
2025-04-03 22:39:27,080 [ERROR] ConditionMgr:805 - Attr not supported : Dmpu
2025-04-03 22:39:27,080 [ERROR] ConditionMgr:805 - Attr not supported : Dmpu
2025-04-03 22:39:27,080 [ERROR] ConditionMgr:805 - Attr not supported : Dmpu
2025-04-03 22:39:27,080 [ERROR] ConditionMgr:805 - Attr not supported : Dmpu
2025-04-03 22:39:27,080 [ERROR] ConditionMgr:805 - Attr not supported : Dmpu
2025-04-03 22:39:27,080 [ERROR] ConditionMgr:805 - Attr not supported : Dmpu
2025-04-03 22:39:27,080 [ERROR] ConditionMgr:805 - Attr not supported : Dmpu
2025-04-03 22:39:27,083 [ERROR] Engine:466 - /home/aizaz/.stm32cubemx/thirdparties/pdsc/STMicroelectronics.X-CUBE-TCPP.4.2.0.pdsc: PDSC version is not supported
2025-04-03 22:39:27,086 [WARN] PackLoader:240 - Cannot read IP mode file for RealThread.X-CUBE-RT-Thread_Nano.4.1.1
2025-04-03 22:39:27,090 [WARN] PackLoader:240 - Cannot read IP mode file for STMicroelectronics.FP-ATR-SIGFOX1.3.2.0
2025-04-03 22:39:27,092 [WARN] ConditionMgr:438 - getConditionDescription Invalid condition id : Cortex-A Device cause : null
2025-04-03 22:39:27,099 [WARN] ConditionMgr:1039 - genDependencies : Invalid condition id : Cortex-A Device cause : null
2025-04-03 22:39:27,099 [WARN] ConditionMgr:1039 - genDependencies : Invalid condition id : Cortex-A Device cause : null
2025-04-03 22:39:27,099 [WARN] ConditionMgr:1039 - genDependencies : Invalid condition id : Cortex-A Device cause : null
2025-04-03 22:39:27,103 [WARN] PackLoader:240 - Cannot read IP mode file for STMicroelectronics.X-CUBE-EEPRMA1.5.1.0
2025-04-03 22:39:27,108 [WARN] PackLoader:240 - Cannot read IP mode file for wolfSSL.I-CUBE-wolfSSL.5.7.4
2025-04-03 22:39:27,112 [WARN] PackLoader:240 - Cannot read IP mode file for ITTIA_DB.I-CUBE-ITTIADB.8.9.0
2025-04-03 22:39:27,137 [WARN] PackLoader:240 - Cannot read IP mode file for SEGGER.I-CUBE-embOS.1.3.1
2025-04-03 22:39:27,179 [WARN] PackLoader:240 - Cannot read IP mode file for STMicroelectronics.X-CUBE-ALGOBUILD.1.4.0
2025-04-03 22:39:27,182 [WARN] PackLoader:240 - Cannot read IP mode file for STMicroelectronics.X-CUBE-AI.9.1.0
2025-04-03 22:39:27,196 [WARN] PackLoader:240 - Cannot read IP mode file for STMicroelectronics.X-CUBE-AZRTOS-F4.1.1.0
2025-04-03 22:39:27,201 [WARN] PackLoader:240 - Cannot read IP mode file for STMicroelectronics.X-CUBE-ISPU.2.1.0
2025-04-03 22:39:27,215 [WARN] PackLoader:240 - Cannot read IP mode file for STMicroelectronics.X-CUBE-AZRTOS-L5.2.0.0
2025-04-03 22:39:27,223 [WARN] PackLoader:240 - Cannot read IP mode file for STMicroelectronics.X-CUBE-NFC6.3.1.0
2025-04-03 22:39:27,228 [WARN] PackLoader:240 - Cannot read IP mode file for STMicroelectronics.X-CUBE-DPower.1.2.0
2025-04-03 22:39:27,232 [WARN] PackLoader:240 - Cannot read IP mode file for STMicroelectronics.X-CUBE-FREERTOS.1.3.0
2025-04-03 22:39:27,235 [WARN] PackLoader:240 - Cannot read IP mode file for STMicroelectronics.X-CUBE-NFC7.1.0.1
2025-04-03 22:39:27,240 [WARN] PackLoader:240 - Cannot read IP mode file for STMicroelectronics.X-CUBE-DPower.1.3.0
2025-04-03 22:39:27,257 [WARN] ConditionMgr:438 - getConditionDescription Invalid condition id : LAN8742 Phy interface Condition cause : null
2025-04-03 22:39:27,258 [WARN] PackLoader:240 - Cannot read IP mode file for STMicroelectronics.X-CUBE-AZRTOS-L4.2.0.0
2025-04-03 22:39:27,259 [WARN] ConditionMgr:1039 - genDependencies : Invalid condition id : LAN8742 Phy interface Condition cause : null
2025-04-03 22:39:27,259 [WARN] ConditionMgr:1039 - genDependencies : Invalid condition id : LAN8742 Phy interface Condition cause : null
2025-04-03 22:39:27,260 [WARN] ConditionMgr:1039 - genDependencies : Invalid condition id : LAN8742 Phy interface Condition cause : null
2025-04-03 22:39:27,266 [WARN] PackLoader:240 - Cannot read IP mode file for STMicroelectronics.X-CUBE-SFXS2LP1.4.0.0
2025-04-03 22:39:27,294 [WARN] PackLoader:240 - Cannot read IP mode file for STMicroelectronics.X-CUBE-AZRTOS-H7.3.3.0
2025-04-03 22:39:27,308 [WARN] PackLoader:240 - Cannot read IP mode file for STMicroelectronics.X-CUBE-IPS.3.0.0
2025-04-03 22:39:27,331 [WARN] ConditionMgr:438 - getConditionDescription Invalid condition id : UX DEVICE CLASS RTOS Condition cause : null
2025-04-03 22:39:27,331 [WARN] ConditionMgr:438 - getConditionDescription Invalid condition id : UX DEVICE CLASS RTOS Condition cause : null
2025-04-03 22:39:27,334 [WARN] PackLoader:240 - Cannot read IP mode file for STMicroelectronics.X-CUBE-AZRTOS-WB.2.0.0
2025-04-03 22:39:27,335 [WARN] ConditionMgr:1039 - genDependencies : Invalid condition id : UX DEVICE CLASS RTOS Condition cause : null
2025-04-03 22:39:27,335 [WARN] ConditionMgr:1039 - genDependencies : Invalid condition id : UX DEVICE CLASS RTOS Condition cause : null
2025-04-03 22:39:27,336 [WARN] ConditionMgr:1039 - genDependencies : Invalid condition id : UX DEVICE CLASS RTOS Condition cause : null
2025-04-03 22:39:27,337 [WARN] ConditionMgr:1039 - genDependencies : Invalid condition id : UX DEVICE CLASS RTOS Condition cause : null
2025-04-03 22:39:27,337 [WARN] ConditionMgr:1039 - genDependencies : Invalid condition id : UX DEVICE CLASS RTOS Condition cause : null
2025-04-03 22:39:27,343 [WARN] PackLoader:240 - Cannot read IP mode file for STMicroelectronics.X-CUBE-GNSS1.7.0.1
2025-04-03 22:39:27,347 [WARN] PackLoader:240 - Cannot read IP mode file for STMicroelectronics.X-CUBE-TOUCHGFX.4.25.0
2025-04-03 22:39:27,352 [WARN] PackLoader:240 - Cannot read IP mode file for STMicroelectronics.FP-SNS-STBOX1.2.0.0
2025-04-03 22:39:27,363 [WARN] PackLoader:240 - Cannot read IP mode file for STMicroelectronics.X-CUBE-SUBG2.5.0.0
2025-04-03 22:39:27,382 [WARN] PackLoader:240 - Cannot read IP mode file for STMicroelectronics.X-CUBE-AZRTOS-H7RS.1.1.0
2025-04-03 22:39:27,387 [WARN] PackLoader:240 - Cannot read IP mode file for Cesanta.I-CUBE-Mongoose.7.13.0
2025-04-03 22:39:27,398 [WARN] PackLoader:240 - Cannot read IP mode file for STMicroelectronics.X-CUBE-AZRTOS-G4.2.0.0
2025-04-03 22:39:27,404 [ERROR] Engine:466 - /home/aizaz/.stm32cubemx/thirdparties/pdsc/STMicroelectronics.X-CUBE-IPS.3.1.0.pdsc: PDSC version is not supported
2025-04-03 22:39:27,407 [WARN] PackLoader:240 - Cannot read IP mode file for STMicroelectronics.X-CUBE-ALS.1.0.2
2025-04-03 22:39:27,410 [WARN] PackLoader:240 - Cannot read IP mode file for STMicroelectronics.X-CUBE-TOUCHGFX.4.24.2
2025-04-03 22:39:27,412 [WARN] PackLoader:240 - Cannot read IP mode file for STMicroelectronics.X-CUBE-TOUCHGFX.4.24.1
2025-04-03 22:39:27,414 [WARN] PackLoader:240 - Cannot read IP mode file for wolfSSL.I-CUBE-wolfTPM.3.4.0
2025-04-03 22:39:27,418 [WARN] PackLoader:240 - Cannot read IP mode file for portGmbH.I-Cube-SoM-uGOAL.1.1.0
2025-04-03 22:39:27,433 [WARN] PackLoader:240 - Cannot read IP mode file for STMicroelectronics.X-CUBE-AZRTOS-H7RS.1.0.0
2025-04-03 22:39:27,444 [WARN] PackLoader:240 - Cannot read IP mode file for STMicroelectronics.X-CUBE-TOF1.3.4.2
2025-04-03 22:39:27,456 [WARN] PackLoader:240 - Cannot read IP mode file for wolfSSL.I-CUBE-wolfSSH.1.4.17
2025-04-03 22:39:27,457 [INFO] ThirdParty:978 - Integrity check success = true
2025-04-03 22:39:27,457 [INFO] IntegrityCheckThread:100 - exiting critical section [integrity check]
2025-04-03 22:39:27,457 [INFO] IntegrityCheckThread:103 - End integrity checks thread
