2025-03-18 10:07:41,053 [INFO] Activator:176 - 


2025-03-18 10:07:41,058 [INFO] Activator:177 - !SESSION log4j initialized
2025-03-18 10:07:46,328 [INFO] LogOutputStream:77 - [STDOUT_REDIRECT] 
2025-03-18 10:07:47,415 [INFO] ApplicationProperties:184 - Using Application install path: /opt/st/stm32cubeide_1.16.1/plugins/com.st.stm32cube.common.mx_6.12.1.202409122256
2025-03-18 10:07:47,439 [INFO] DbMcusXml:78 - Set database path to: /opt/st/stm32cubeide_1.16.1/plugins/com.st.stm32cube.common.mx_6.12.1.202409122256//db//mcu/
2025-03-18 10:07:47,439 [INFO] ApiDb:274 - Set plugin database path to: /opt/st/stm32cubeide_1.16.1/plugins/com.st.stm32cube.common.mx_6.12.1.202409122256//db//plugins/boardmanager/
2025-03-18 10:07:47,440 [WARN] ApiDb:259 - Overriding images path with different value:  => /opt/st/stm32cubeide_1.16.1/plugins/com.st.stm32cube.common.mx_6.12.1.202409122256//db//plugins/mcufinder/images/
2025-03-18 10:07:47,449 [INFO] ApiDb:250 - Set database path to: /home/aizaz/.stmcufinder/plugins/mcufinder//mcu/
2025-03-18 10:07:47,450 [INFO] DbMcusAds:125 - Set database path to: /home/aizaz/.stmcufinder/plugins/mcufinder//mcu/
2025-03-18 10:07:47,453 [INFO] CrossReferenceDbSqlite:203 - Set database path to: /home/aizaz/.stmcufinder/plugins/mcufinder//mcu/cs/
2025-03-18 10:07:47,594 [INFO] RulesReader:64 - Compatibility file has been processed (297 Rules)
2025-03-18 10:07:47,659 [INFO] DbMcusXml:78 - Set database path to: /opt/st/stm32cubeide_1.16.1/plugins/com.st.stm32cube.common.mx_6.12.1.202409122256//db//mcu/
2025-03-18 10:07:47,659 [INFO] ApiDb:274 - Set plugin database path to: /opt/st/stm32cubeide_1.16.1/plugins/com.st.stm32cube.common.mx_6.12.1.202409122256//db//plugins/boardmanager/
2025-03-18 10:07:47,660 [INFO] ApiDb:261 - Set plugin images path to: /opt/st/stm32cubeide_1.16.1/plugins/com.st.stm32cube.common.mx_6.12.1.202409122256//db//plugins/mcufinder/images/
2025-03-18 10:07:47,660 [WARN] DbFile:41 - Overriding database path with different value: /home/aizaz/.stmcufinder/plugins/mcufinder/ => /home/aizaz/.stmcufinder/plugins/mcufinder
2025-03-18 10:07:47,660 [INFO] ApiDb:250 - Set database path to: /home/aizaz/.stmcufinder/plugins/mcufinder//mcu/
2025-03-18 10:07:47,660 [WARN] DbFile:41 - Overriding database path with different value: /home/aizaz/.stmcufinder/plugins/mcufinder/ => /home/aizaz/.stmcufinder/plugins/mcufinder
2025-03-18 10:07:47,660 [INFO] DbMcusAds:125 - Set database path to: /home/aizaz/.stmcufinder/plugins/mcufinder//mcu/
2025-03-18 10:07:47,660 [WARN] DbFile:41 - Overriding database path with different value: /home/aizaz/.stmcufinder/plugins/mcufinder/ => /home/aizaz/.stmcufinder/plugins/mcufinder
2025-03-18 10:07:47,660 [WARN] DbFile:41 - Overriding database path with different value: /home/aizaz/.stmcufinder/plugins/mcufinder/ => /home/aizaz/.stmcufinder/plugins/mcufinder
2025-03-18 10:07:47,660 [INFO] CrossReferenceDbSqlite:203 - Set database path to: /home/aizaz/.stmcufinder/plugins/mcufinder//mcu/cs/
2025-03-18 10:07:47,737 [INFO] MainPanel:268 - HeapMemory: 268435456
2025-03-18 10:07:47,872 [INFO] DbMcusXml:78 - Set database path to: /opt/st/stm32cubeide_1.16.1/plugins/com.st.stm32cube.common.mx_6.12.1.202409122256//db//mcu/
2025-03-18 10:07:47,873 [INFO] ApiDb:274 - Set plugin database path to: /opt/st/stm32cubeide_1.16.1/plugins/com.st.stm32cube.common.mx_6.12.1.202409122256//db//plugins/boardmanager/
2025-03-18 10:07:47,873 [INFO] ApiDb:261 - Set plugin images path to: /opt/st/stm32cubeide_1.16.1/plugins/com.st.stm32cube.common.mx_6.12.1.202409122256//db//plugins/mcufinder/images/
2025-03-18 10:07:47,873 [WARN] DbFile:41 - Overriding database path with different value: /home/aizaz/.stmcufinder/plugins/mcufinder/ => /home/aizaz/.stmcufinder/plugins/mcufinder
2025-03-18 10:07:47,873 [INFO] ApiDb:250 - Set database path to: /home/aizaz/.stmcufinder/plugins/mcufinder//mcu/
2025-03-18 10:07:47,873 [WARN] DbFile:41 - Overriding database path with different value: /home/aizaz/.stmcufinder/plugins/mcufinder/ => /home/aizaz/.stmcufinder/plugins/mcufinder
2025-03-18 10:07:47,874 [INFO] DbMcusAds:125 - Set database path to: /home/aizaz/.stmcufinder/plugins/mcufinder//mcu/
2025-03-18 10:07:47,874 [WARN] DbFile:41 - Overriding database path with different value: /home/aizaz/.stmcufinder/plugins/mcufinder/ => /home/aizaz/.stmcufinder/plugins/mcufinder
2025-03-18 10:07:47,874 [WARN] DbFile:41 - Overriding database path with different value: /home/aizaz/.stmcufinder/plugins/mcufinder/ => /home/aizaz/.stmcufinder/plugins/mcufinder
2025-03-18 10:07:47,874 [INFO] CrossReferenceDbSqlite:203 - Set database path to: /home/aizaz/.stmcufinder/plugins/mcufinder//mcu/cs/
2025-03-18 10:07:47,896 [INFO] ApplicationProperties:184 - Using Application install path: /opt/st/stm32cubeide_1.16.1/plugins/com.st.stm32cube.common.mx_6.12.1.202409122256
2025-03-18 10:07:47,899 [INFO] PluginManage:196 - Search for loadable plugins [exclusion list=, ]
2025-03-18 10:07:47,901 [INFO] PluginManage:310 - Check plugin analytics
2025-03-18 10:07:48,110 [INFO] AnalyticsPlugin:253 - Accepted Software Licenses: 
2025-03-18 10:07:48,110 [INFO] AnalyticsPlugin:255 - Accepted CMSIS Pack Licenses: 
2025-03-18 10:07:48,111 [INFO] AnalyticsPlugin:257 - Accepted Firmware Licenses: FW.F4.1.28.0
2025-03-18 10:07:48,113 [INFO] PluginManage:359 - Loaded plugin analytics (category:tool,tabindex:-1)
2025-03-18 10:07:48,114 [INFO] PluginManage:310 - Check plugin cadmodel
2025-03-18 10:07:48,120 [INFO] CADModel:105 - Init CAD model plugin
2025-03-18 10:07:48,121 [INFO] PluginManage:359 - Loaded plugin cadmodel (category:power,tabindex:5)
2025-03-18 10:07:48,121 [INFO] PluginManage:310 - Check plugin clock
2025-03-18 10:07:48,134 [INFO] PluginManage:359 - Loaded plugin clock (category:base,tabindex:2)
2025-03-18 10:07:48,134 [INFO] PluginManage:310 - Check plugin ddr
2025-03-18 10:07:48,137 [INFO] PluginManage:359 - Loaded plugin ddr (category:tool,tabindex:6)
2025-03-18 10:07:48,137 [INFO] PluginManage:310 - Check plugin filemanager
2025-03-18 10:07:48,292 [INFO] PluginManage:359 - Loaded plugin filemanager (category:base,tabindex:10)
2025-03-18 10:07:48,292 [INFO] PluginManage:310 - Check plugin ipmanager
2025-03-18 10:07:48,297 [INFO] PluginManage:359 - Loaded plugin ipmanager (category:base,tabindex:5)
2025-03-18 10:07:48,297 [INFO] PluginManage:310 - Check plugin lpbam
2025-03-18 10:07:48,307 [INFO] PluginManage:359 - Loaded plugin lpbam (category:base,tabindex:0)
2025-03-18 10:07:48,308 [INFO] PluginManage:310 - Check plugin memorymap
2025-03-18 10:07:48,321 [INFO] PluginManage:359 - Loaded plugin memorymap (category:base,tabindex:4)
2025-03-18 10:07:48,321 [INFO] PluginManage:310 - Check plugin pinoutandconfiguration
2025-03-18 10:07:48,331 [INFO] PluginManage:359 - Loaded plugin pinoutandconfiguration (category:base,tabindex:1)
2025-03-18 10:07:48,331 [INFO] PluginManage:310 - Check plugin pinoutconfig
2025-03-18 10:07:48,452 [WARN] SupportedApi:132 - Cannot load RTOS API schema: s4s-elt-must-match.1: The content of 'definitions' must match (annotation?, (simpleType | complexType)?, (unique | key | keyref)*)). A problem was found starting at: attribute.
2025-03-18 10:07:48,655 [INFO] PluginManage:359 - Loaded plugin pinoutconfig (category:base,tabindex:0)
2025-03-18 10:07:48,655 [INFO] PluginManage:310 - Check plugin power
2025-03-18 10:07:48,666 [INFO] PluginManage:359 - Loaded plugin power (category:power,tabindex:4)
2025-03-18 10:07:48,667 [INFO] PluginManage:310 - Check plugin projectmanager
2025-03-18 10:07:48,686 [INFO] PluginManage:359 - Loaded plugin projectmanager (category:projectmanager,tabindex:4)
2025-03-18 10:07:48,686 [INFO] PluginManage:310 - Check plugin rif
2025-03-18 10:07:48,693 [INFO] PluginManage:359 - Loaded plugin rif (category:base,tabindex:3)
2025-03-18 10:07:48,693 [INFO] PluginManage:310 - Check plugin thirdparty
2025-03-18 10:07:48,844 [INFO] PluginManage:359 - Loaded plugin thirdparty (category:base,tabindex:-1)
2025-03-18 10:07:48,843 [WARN] IntegrityCheckThread:84 - waiting for thirdparty lock release [integrity check]
2025-03-18 10:07:48,844 [INFO] PluginManage:310 - Check plugin tools
2025-03-18 10:07:48,844 [INFO] IntegrityCheckThread:86 - entering critical section [integrity check]
2025-03-18 10:07:48,844 [INFO] ThirdPartyUpdaterWithRetryManager:70 - Updater plugin not ready yet. [1/15]
2025-03-18 10:07:48,846 [INFO] PluginManage:359 - Loaded plugin tools (category:base,tabindex:7)
2025-03-18 10:07:48,847 [INFO] PluginManage:310 - Check plugin tutovideos
2025-03-18 10:07:49,055 [INFO] PluginManage:359 - Loaded plugin tutovideos (category:base,tabindex:-1)
2025-03-18 10:07:49,055 [INFO] PluginManage:310 - Check plugin updater
2025-03-18 10:07:49,072 [INFO] PluginManage:359 - Loaded plugin updater (category:base,tabindex:12)
2025-03-18 10:07:49,073 [INFO] PluginManage:310 - Check plugin userauth
2025-03-18 10:07:49,078 [INFO] UserAuth:113 - Init User Auth plugin
2025-03-18 10:07:49,078 [INFO] PluginManage:359 - Loaded plugin userauth (category:base,tabindex:14)
2025-03-18 10:07:49,079 [INFO] PluginManage:283 - PluginManage : Loaded plugins [18]
2025-03-18 10:07:49,288 [INFO] PinOutPanel:1561 - setPackage(No Configuration,No Configuration)
2025-03-18 10:07:49,367 [INFO] CADModel:165 - CPN selected for project level
2025-03-18 10:07:49,368 [INFO] CADModel:114 - Register for checkConnection events
2025-03-18 10:07:49,377 [INFO] IPUIPlugin:80 - create IPUIPlugin
2025-03-18 10:07:49,377 [INFO] PluginManager:220 - loadIPPluginJar : add genericplugin
2025-03-18 10:07:49,384 [INFO] IPUIPlugin:80 - create IPUIPlugin
2025-03-18 10:07:49,384 [INFO] PluginManager:220 - loadIPPluginJar : add i3c
2025-03-18 10:07:49,388 [INFO] IPUIPlugin:80 - create IPUIPlugin
2025-03-18 10:07:49,388 [INFO] PluginManager:220 - loadIPPluginJar : add touchsensing
2025-03-18 10:07:49,390 [INFO] IPUIPlugin:80 - create IPUIPlugin
2025-03-18 10:07:49,390 [INFO] PluginManager:220 - loadIPPluginJar : add hash
2025-03-18 10:07:49,411 [INFO] IPUIPlugin:80 - create IPUIPlugin
2025-03-18 10:07:49,412 [INFO] PluginManager:220 - loadIPPluginJar : add gic
2025-03-18 10:07:49,414 [INFO] IPUIPlugin:80 - create IPUIPlugin
2025-03-18 10:07:49,414 [INFO] PluginManager:220 - loadIPPluginJar : add tsc
2025-03-18 10:07:49,417 [INFO] IPUIPlugin:80 - create IPUIPlugin
2025-03-18 10:07:49,417 [INFO] PluginManager:220 - loadIPPluginJar : add lorawan
2025-03-18 10:07:49,419 [INFO] IPUIPlugin:80 - create IPUIPlugin
2025-03-18 10:07:49,420 [INFO] PluginManager:220 - loadIPPluginJar : add radio
2025-03-18 10:07:49,423 [INFO] IPUIPlugin:80 - create IPUIPlugin
2025-03-18 10:07:49,423 [INFO] PluginManager:220 - loadIPPluginJar : add opamp
2025-03-18 10:07:49,425 [INFO] IPUIPlugin:80 - create IPUIPlugin
2025-03-18 10:07:49,425 [INFO] PluginManager:220 - loadIPPluginJar : add spi
2025-03-18 10:07:49,427 [INFO] IPUIPlugin:80 - create IPUIPlugin
2025-03-18 10:07:49,427 [INFO] PluginManager:220 - loadIPPluginJar : add tracer_emb
2025-03-18 10:07:49,439 [INFO] IPUIPlugin:80 - create IPUIPlugin
2025-03-18 10:07:49,439 [INFO] PluginManager:220 - loadIPPluginJar : add gpio
2025-03-18 10:07:49,441 [INFO] IPUIPlugin:80 - create IPUIPlugin
2025-03-18 10:07:49,441 [INFO] PluginManager:220 - loadIPPluginJar : add gfxmmu
2025-03-18 10:07:49,443 [INFO] IPUIPlugin:80 - create IPUIPlugin
2025-03-18 10:07:49,444 [INFO] PluginManager:220 - loadIPPluginJar : add i2c
2025-03-18 10:07:49,450 [INFO] IPUIPlugin:80 - create IPUIPlugin
2025-03-18 10:07:49,450 [INFO] PluginManager:220 - loadIPPluginJar : add adc
2025-03-18 10:07:49,455 [INFO] IPUIPlugin:80 - create IPUIPlugin
2025-03-18 10:07:49,455 [INFO] PluginManager:220 - loadIPPluginJar : add nvic
2025-03-18 10:07:49,456 [INFO] IPUIPlugin:80 - create IPUIPlugin
2025-03-18 10:07:49,456 [INFO] PluginManager:220 - loadIPPluginJar : add fatfs
2025-03-18 10:07:49,458 [INFO] IPUIPlugin:80 - create IPUIPlugin
2025-03-18 10:07:49,458 [INFO] PluginManager:220 - loadIPPluginJar : add tim
2025-03-18 10:07:49,460 [INFO] IPUIPlugin:80 - create IPUIPlugin
2025-03-18 10:07:49,460 [INFO] PluginManager:220 - loadIPPluginJar : add dfsdm
2025-03-18 10:07:49,461 [INFO] IPUIPlugin:80 - create IPUIPlugin
2025-03-18 10:07:49,461 [INFO] PluginManager:220 - loadIPPluginJar : add quadspi
2025-03-18 10:07:49,463 [INFO] IPUIPlugin:80 - create IPUIPlugin
2025-03-18 10:07:49,463 [INFO] PluginManager:220 - loadIPPluginJar : add aes
2025-03-18 10:07:49,466 [INFO] IPUIPlugin:80 - create IPUIPlugin
2025-03-18 10:07:49,466 [INFO] PluginManager:220 - loadIPPluginJar : add cryp
2025-03-18 10:07:49,474 [INFO] IPUIPlugin:80 - create IPUIPlugin
2025-03-18 10:07:49,475 [INFO] PluginManager:220 - loadIPPluginJar : add linkedlist
2025-03-18 10:07:49,477 [INFO] IPUIPlugin:80 - create IPUIPlugin
2025-03-18 10:07:49,477 [INFO] PluginManager:220 - loadIPPluginJar : add ddr_ctrl_phy
2025-03-18 10:07:49,482 [INFO] IPUIPlugin:80 - create IPUIPlugin
2025-03-18 10:07:49,482 [INFO] PluginManager:220 - loadIPPluginJar : add resmgrutility
2025-03-18 10:07:49,489 [INFO] IPUIPlugin:80 - create IPUIPlugin
2025-03-18 10:07:49,489 [INFO] PluginManager:220 - loadIPPluginJar : add dma
2025-03-18 10:07:49,490 [INFO] IPUIPlugin:80 - create IPUIPlugin
2025-03-18 10:07:49,490 [INFO] PluginManager:220 - loadIPPluginJar : add comp
2025-03-18 10:07:49,493 [INFO] IPUIPlugin:80 - create IPUIPlugin
2025-03-18 10:07:49,493 [INFO] PluginManager:220 - loadIPPluginJar : add usbx
2025-03-18 10:07:49,496 [INFO] IPUIPlugin:80 - create IPUIPlugin
2025-03-18 10:07:49,497 [INFO] PluginManager:220 - loadIPPluginJar : add ipddr
2025-03-18 10:07:49,501 [INFO] IPUIPlugin:80 - create IPUIPlugin
2025-03-18 10:07:49,502 [INFO] PluginManager:220 - loadIPPluginJar : add i2s
2025-03-18 10:07:49,506 [INFO] IPUIPlugin:80 - create IPUIPlugin
2025-03-18 10:07:49,506 [INFO] PluginManager:220 - loadIPPluginJar : add fmc
2025-03-18 10:07:49,512 [INFO] IPUIPlugin:80 - create IPUIPlugin
2025-03-18 10:07:49,512 [INFO] PluginManager:220 - loadIPPluginJar : add mdma
2025-03-18 10:07:49,516 [INFO] IPUIPlugin:80 - create IPUIPlugin
2025-03-18 10:07:49,516 [INFO] PluginManager:220 - loadIPPluginJar : add extmemmanager
2025-03-18 10:07:49,520 [INFO] IPUIPlugin:80 - create IPUIPlugin
2025-03-18 10:07:49,520 [INFO] PluginManager:220 - loadIPPluginJar : add openamp
2025-03-18 10:07:49,527 [INFO] IPUIPlugin:80 - create IPUIPlugin
2025-03-18 10:07:49,529 [INFO] PluginManager:220 - loadIPPluginJar : add plateformsettings
2025-03-18 10:07:49,531 [INFO] IPUIPlugin:80 - create IPUIPlugin
2025-03-18 10:07:49,532 [INFO] PluginManager:220 - loadIPPluginJar : add ts
2025-03-18 10:07:49,535 [INFO] IPUIPlugin:80 - create IPUIPlugin
2025-03-18 10:07:49,536 [INFO] PluginManager:220 - loadIPPluginJar : add can
2025-03-18 10:07:49,537 [INFO] IPUIPlugin:80 - create IPUIPlugin
2025-03-18 10:07:49,538 [INFO] PluginManager:220 - loadIPPluginJar : add ucpd
2025-03-18 10:07:49,540 [INFO] IPUIPlugin:80 - create IPUIPlugin
2025-03-18 10:07:49,541 [INFO] PluginManager:220 - loadIPPluginJar : add gtzc
2025-03-18 10:07:49,543 [INFO] IPUIPlugin:80 - create IPUIPlugin
2025-03-18 10:07:49,543 [INFO] PluginManager:220 - loadIPPluginJar : add dma3
2025-03-18 10:07:49,549 [INFO] IPUIPlugin:80 - create IPUIPlugin
2025-03-18 10:07:49,549 [INFO] PluginManager:220 - loadIPPluginJar : add stm32_wpan
2025-03-18 10:07:49,556 [INFO] IPUIPlugin:80 - create IPUIPlugin
2025-03-18 10:07:49,556 [INFO] PluginManager:220 - loadIPPluginJar : add freertos
2025-03-18 10:07:49,558 [INFO] IPUIPlugin:80 - create IPUIPlugin
2025-03-18 10:07:49,559 [INFO] PluginManager:220 - loadIPPluginJar : add pdm2pcm
2025-03-18 10:07:49,560 [INFO] IPUIPlugin:80 - create IPUIPlugin
2025-03-18 10:07:49,560 [INFO] PluginManager:220 - loadIPPluginJar : add ltdc
2025-03-18 10:07:49,562 [INFO] IPUIPlugin:80 - create IPUIPlugin
2025-03-18 10:07:49,563 [INFO] PluginManager:220 - loadIPPluginJar : add usart
2025-03-18 10:07:49,567 [INFO] IPUIPlugin:80 - create IPUIPlugin
2025-03-18 10:07:49,567 [INFO] PluginManager:220 - loadIPPluginJar : add sai
2025-03-18 10:07:49,667 [INFO] CADModel:165 - CPN selected for project level
2025-03-18 10:07:49,667 [INFO] CADModel:114 - Register for checkConnection events
2025-03-18 10:07:49,667 [FATAL] Updater:334 - Updater called before beeing initialized
2025-03-18 10:07:49,668 [ERROR] CADModel:125 - Updater not yet initialized, retry later 
2025-03-18 10:07:49,836 [INFO] CADModel:165 - CPN selected for project level
2025-03-18 10:07:49,836 [INFO] CADModel:114 - Register for checkConnection events
2025-03-18 10:07:49,836 [FATAL] Updater:334 - Updater called before beeing initialized
2025-03-18 10:07:49,836 [ERROR] CADModel:125 - Updater not yet initialized, retry later 
2025-03-18 10:07:49,840 [FATAL] Updater:334 - Updater called before beeing initialized
2025-03-18 10:07:49,928 [FATAL] Updater:334 - Updater called before beeing initialized
2025-03-18 10:07:49,932 [INFO] DbMcusAds:53 - JSON generation date=Thu Mar 06 19:54:21 PKT 2025 (1741272861825)
2025-03-18 10:07:49,932 [FATAL] Updater:334 - Updater called before beeing initialized
2025-03-18 10:07:49,969 [WARN] DetailPanel:346 - Failed to get advertising image, set to default
2025-03-18 10:07:50,042 [FATAL] Updater:334 - Updater called before beeing initialized
2025-03-18 10:07:50,044 [FATAL] Updater:334 - Updater called before beeing initialized
2025-03-18 10:07:50,044 [FATAL] Updater:334 - Updater called before beeing initialized
2025-03-18 10:07:50,044 [WARN] DetailPanel:346 - Failed to get advertising image, set to default
2025-03-18 10:07:50,045 [FATAL] Updater:334 - Updater called before beeing initialized
2025-03-18 10:07:50,074 [ERROR] Updater:1164 - MainUpdater not yet initialized. External WinMGr cannot be set.
2025-03-18 10:07:50,076 [INFO] Updater:1100 - Updater Version found : 6.12.1
2025-03-18 10:07:50,097 [INFO] ApplicationProperties:184 - Using Application install path: /opt/st/stm32cubeide_1.16.1/plugins/com.st.stm32cube.common.mx_6.12.1.202409122256
2025-03-18 10:07:50,444 [INFO] MainUpdater:2873 - connection check result : 10
2025-03-18 10:07:50,444 [INFO] MainUpdater:3567 - Updater definition file requires update
2025-03-18 10:07:50,444 [INFO] MainUpdater:290 - Updater Check For Update Now.
2025-03-18 10:07:50,445 [INFO] MicroXplorer:498 - Change Database Version : DB.6.0.121
2025-03-18 10:07:50,450 [INFO] McuFinderGlobals:63 - Set McuFinder mode to 2 (CubeIDE integrated)
2025-03-18 10:07:50,451 [INFO] UserAuth:417 - Internet connection configuration mode: 1
2025-03-18 10:07:50,461 [INFO] ServerAccessManage:473 - Download File updaters.zip
2025-03-18 10:07:50,468 [INFO] JxBrowserEngine:152 - Initiate JxBrowser Engine with user profile folder
2025-03-18 10:07:50,543 [INFO] FileExtend:240 - Unzip File : updaters.zip
2025-03-18 10:07:50,543 [INFO] FileExtend:255 - Standard Zip Deflate
2025-03-18 10:07:50,676 [INFO] ServerAccessManage:473 - Download File PacksControlFlags.xml
2025-03-18 10:07:50,784 [INFO] ServerAccessManage:473 - Download File cubemx.pidx
2025-03-18 10:07:51,614 [INFO] ServerAccessManage:473 - Download File STMicroelectronics.FP-SNS-FLIGHT1.pdsc
2025-03-18 10:07:51,845 [WARN] MainUpdater:1194 - Updater busy. Cannot search thirdparties
2025-03-18 10:07:51,845 [INFO] ThirdPartyUpdaterWithRetryManager:96 - Updater plugin is busy. [1/15]
2025-03-18 10:07:52,598 [INFO] WebApp:167 - Instantiating new browser for Auth
2025-03-18 10:07:53,830 [INFO] ServerAccessManage:473 - Download File STMicroelectronics.X-CUBE-AZRTOS-H7RS.pdsc
2025-03-18 10:07:54,068 [INFO] WebApp:448 - Apply proxy settings
2025-03-18 10:07:54,068 [INFO] WebApp:533 - Chromium requires no authentication
2025-03-18 10:07:54,078 [INFO] WebApp:476 - Direct internet connection detected
2025-03-18 10:07:54,112 [INFO] WebApp:869 - Register for checkConnection events
2025-03-18 10:07:54,112 [INFO] WebApp:448 - Apply proxy settings
2025-03-18 10:07:54,112 [INFO] WebApp:533 - Chromium requires no authentication
2025-03-18 10:07:54,113 [INFO] WebApp:476 - Direct internet connection detected
2025-03-18 10:07:54,363 [INFO] WebApp:220 - Starting web application
2025-03-18 10:07:54,363 [INFO] WebApp:578 - Web application path used /opt/st/stm32cubeide_1.16.1/plugins/com.st.stm32cube.common.mx_6.12.1.202409122256/db/plugins/mcufinder/reactClient1/index.html
2025-03-18 10:07:54,571 [INFO] UserAuth:417 - Internet connection configuration mode: 1
2025-03-18 10:07:54,683 [WARN] PopulateThirdPartyThread:106 - Error when creating pack: /home/aizaz/.stm32cubemx/thirdparties/pdsc/STMicroelectronics.FP-SNS-FLIGHT1.pdsc
2025-03-18 10:07:54,810 [WARN] PackLoader:240 - Cannot read IP mode file for STMicroelectronics.X-CUBE-AZRTOS-H7RS.1.1.0
2025-03-18 10:07:54,828 [INFO] PopulateThirdPartyThread:66 - Ending populate Thread
2025-03-18 10:07:54,830 [INFO] ThirdParty:1030 - CMSIS Pack Vendor :STMicroelectronics X-CUBE-AZRTOS-H7RS 1.1.0
2025-03-18 10:07:54,830 [INFO] LoadServerUpdatesThread:375 - End of LoadServerUpdate Thread
2025-03-18 10:07:54,846 [WARN] MainUpdater:1194 - Updater busy. Cannot search thirdparties
2025-03-18 10:07:54,847 [INFO] ThirdPartyUpdaterWithRetryManager:96 - Updater plugin is busy. [2/15]
2025-03-18 10:07:54,886 [INFO] WebApp:186 - Connection restablished
2025-03-18 10:07:54,926 [INFO] CheckServerUpdateThread:120 - End of CheckServer Thread
2025-03-18 10:07:58,007 [WARN] PackLoader:240 - Cannot read IP mode file for STMicroelectronics.FP-SNS-MOTENVWB1.1.4.0
2025-03-18 10:07:58,012 [WARN] PackLoader:240 - Cannot read IP mode file for STMicroelectronics.FP-ATR-ASTRA1.2.0.2
2025-03-18 10:07:58,016 [WARN] PackLoader:240 - Cannot read IP mode file for STMicroelectronics.FP-ATR-ASTRA1.2.0.1
2025-03-18 10:07:58,026 [WARN] PackLoader:240 - Cannot read IP mode file for STMicroelectronics.X-CUBE-SMBUS.2.1.0
2025-03-18 10:07:58,034 [WARN] PackLoader:240 - Cannot read IP mode file for STMicroelectronics.X-CUBE-WB05N.1.1.0
2025-03-18 10:07:58,054 [WARN] PackLoader:240 - Cannot read IP mode file for STMicroelectronics.X-CUBE-AZRTOS-F7.1.1.0
2025-03-18 10:07:58,061 [WARN] PackLoader:240 - Cannot read IP mode file for STMicroelectronics.FP-SNS-FLIGHT1.5.0.2
2025-03-18 10:07:58,086 [WARN] PackLoader:240 - Cannot read IP mode file for Infineon.AIROC-Wi-Fi-Bluetooth-STM32.1.7.0
2025-03-18 10:07:58,097 [WARN] PackLoader:240 - Cannot read IP mode file for STMicroelectronics.X-CUBE-DISPLAY.3.0.0
2025-03-18 10:07:58,106 [WARN] PackLoader:240 - Cannot read IP mode file for STMicroelectronics.X-CUBE-BLE1.7.0.0
2025-03-18 10:07:58,112 [WARN] PackLoader:240 - Cannot read IP mode file for STMicroelectronics.X-CUBE-NFC10.1.0.0
2025-03-18 10:07:58,123 [WARN] PackLoader:240 - Cannot read IP mode file for STMicroelectronics.X-CUBE-BLEMGR.4.0.0
2025-03-18 10:07:58,130 [WARN] PackLoader:240 - Cannot read IP mode file for emotas.I-CUBE-CANOPEN.1.3.0
2025-03-18 10:07:58,133 [WARN] PackLoader:240 - Cannot read IP mode file for STMicroelectronics.X-CUBE-AI.10.0.0
2025-03-18 10:07:58,137 [WARN] PackLoader:240 - Cannot read IP mode file for STMicroelectronics.FP-SNS-SMARTAG2.1.2.0
2025-03-18 10:07:58,140 [ERROR] Engine:466 - /home/aizaz/.stm32cubemx/thirdparties/pdsc/STMicroelectronics.FP-SNS-FLIGHT1.5.1.0.pdsc: PDSC version is not supported
2025-03-18 10:07:58,188 [WARN] PackLoader:240 - Cannot read IP mode file for STMicroelectronics.X-CUBE-MEMS1.11.1.0
2025-03-18 10:07:58,383 [INFO] LogOutputStream:77 - [STDOUT_REDIRECT] 1 : Invalid condition id : UX_CORESTACK_Condition cause : null
2025-03-18 10:07:58,384 [INFO] LogOutputStream:77 - [STDOUT_REDIRECT] 1 : Invalid condition id : UX_CORESTACK_Condition cause : null
2025-03-18 10:07:58,384 [INFO] LogOutputStream:77 - [STDOUT_REDIRECT] 1 : Invalid condition id : UX_CORESTACK_Condition cause : null
2025-03-18 10:07:58,384 [INFO] LogOutputStream:77 - [STDOUT_REDIRECT] 1 : Invalid condition id : UX_CORESTACK_Condition cause : null
2025-03-18 10:07:58,385 [INFO] LogOutputStream:77 - [STDOUT_REDIRECT] 1 : Invalid condition id : UX_CORESTACK_Condition cause : null
2025-03-18 10:07:58,388 [WARN] PackLoader:240 - Cannot read IP mode file for STMicroelectronics.X-CUBE-AZRTOS-WL.2.0.0
2025-03-18 10:07:58,392 [WARN] PackLoader:240 - Cannot read IP mode file for STMicroelectronics.FP-SNS-MOTENV1.5.0.0
2025-03-18 10:07:58,396 [WARN] PackLoader:240 - Cannot read IP mode file for wolfSSL.I-CUBE-wolfMQTT.1.19.0
2025-03-18 10:07:58,400 [WARN] PackLoader:240 - Cannot read IP mode file for WES.I-CUBE-Cesium.1.3.0
2025-03-18 10:07:58,405 [WARN] PackLoader:240 - Cannot read IP mode file for STMicroelectronics.X-CUBE-BLE2.3.3.0
2025-03-18 10:07:58,410 [WARN] PackLoader:240 - Cannot read IP mode file for STMicroelectronics.X-CUBE-NFC9.1.0.0
2025-03-18 10:07:58,414 [WARN] PackLoader:240 - Cannot read IP mode file for STMicroelectronics.X-CUBE-BLE1.7.1.0
2025-03-18 10:07:58,427 [WARN] PackLoader:240 - Cannot read IP mode file for STMicroelectronics.X-CUBE-AZRTOS-G0.1.1.0
2025-03-18 10:07:58,433 [WARN] PackLoader:240 - Cannot read IP mode file for STMicroelectronics.X-CUBE-SAFEA1.1.2.2
2025-03-18 10:07:58,440 [WARN] PackLoader:240 - Cannot read IP mode file for STMicroelectronics.X-CUBE-NFC4.3.0.0
2025-03-18 10:07:58,447 [WARN] PackLoader:240 - Cannot read IP mode file for EmbeddedOffice.I-CUBE-FS-RTOS.1.0.1
2025-03-18 10:07:58,447 [ERROR] ConditionMgr:805 - Attr not supported : Dmpu
2025-03-18 10:07:58,447 [ERROR] ConditionMgr:805 - Attr not supported : Dmpu
2025-03-18 10:07:58,447 [ERROR] ConditionMgr:805 - Attr not supported : Dmpu
2025-03-18 10:07:58,447 [ERROR] ConditionMgr:805 - Attr not supported : Dmpu
2025-03-18 10:07:58,447 [ERROR] ConditionMgr:805 - Attr not supported : Dmpu
2025-03-18 10:07:58,448 [ERROR] ConditionMgr:805 - Attr not supported : Dmpu
2025-03-18 10:07:58,448 [ERROR] ConditionMgr:805 - Attr not supported : Dmpu
2025-03-18 10:07:58,448 [ERROR] ConditionMgr:805 - Attr not supported : Dmpu
2025-03-18 10:07:58,448 [ERROR] ConditionMgr:805 - Attr not supported : Dmpu
2025-03-18 10:07:58,448 [ERROR] ConditionMgr:805 - Attr not supported : Dmpu
2025-03-18 10:07:58,448 [ERROR] ConditionMgr:805 - Attr not supported : Dmpu
2025-03-18 10:07:58,448 [ERROR] ConditionMgr:805 - Attr not supported : Dmpu
2025-03-18 10:07:58,448 [ERROR] ConditionMgr:805 - Attr not supported : Dmpu
2025-03-18 10:07:58,448 [ERROR] ConditionMgr:805 - Attr not supported : Dmpu
2025-03-18 10:07:58,448 [ERROR] ConditionMgr:805 - Attr not supported : Dmpu
2025-03-18 10:07:58,448 [ERROR] ConditionMgr:805 - Attr not supported : Dmpu
2025-03-18 10:07:58,448 [ERROR] ConditionMgr:805 - Attr not supported : Dmpu
2025-03-18 10:07:58,448 [ERROR] ConditionMgr:805 - Attr not supported : Dmpu
2025-03-18 10:07:58,448 [ERROR] ConditionMgr:805 - Attr not supported : Dmpu
2025-03-18 10:07:58,448 [ERROR] ConditionMgr:805 - Attr not supported : Dmpu
2025-03-18 10:07:58,448 [ERROR] ConditionMgr:805 - Attr not supported : Dmpu
2025-03-18 10:07:58,448 [ERROR] ConditionMgr:805 - Attr not supported : Dmpu
2025-03-18 10:07:58,448 [ERROR] ConditionMgr:805 - Attr not supported : Dmpu
2025-03-18 10:07:58,449 [ERROR] ConditionMgr:805 - Attr not supported : Dmpu
2025-03-18 10:07:58,449 [ERROR] ConditionMgr:805 - Attr not supported : Dmpu
2025-03-18 10:07:58,449 [ERROR] ConditionMgr:805 - Attr not supported : Dmpu
2025-03-18 10:07:58,449 [ERROR] ConditionMgr:805 - Attr not supported : Dmpu
2025-03-18 10:07:58,449 [ERROR] ConditionMgr:805 - Attr not supported : Dmpu
2025-03-18 10:07:58,449 [ERROR] ConditionMgr:805 - Attr not supported : Dmpu
2025-03-18 10:07:58,449 [ERROR] ConditionMgr:805 - Attr not supported : Dmpu
2025-03-18 10:07:58,449 [ERROR] ConditionMgr:805 - Attr not supported : Dmpu
2025-03-18 10:07:58,449 [ERROR] ConditionMgr:805 - Attr not supported : Dmpu
2025-03-18 10:07:58,449 [ERROR] ConditionMgr:805 - Attr not supported : Dmpu
2025-03-18 10:07:58,449 [ERROR] ConditionMgr:805 - Attr not supported : Dmpu
2025-03-18 10:07:58,449 [ERROR] ConditionMgr:805 - Attr not supported : Dmpu
2025-03-18 10:07:58,449 [ERROR] ConditionMgr:805 - Attr not supported : Dmpu
2025-03-18 10:07:58,449 [ERROR] ConditionMgr:805 - Attr not supported : Dmpu
2025-03-18 10:07:58,449 [ERROR] ConditionMgr:805 - Attr not supported : Dmpu
2025-03-18 10:07:58,450 [ERROR] ConditionMgr:805 - Attr not supported : Dmpu
2025-03-18 10:07:58,450 [ERROR] ConditionMgr:805 - Attr not supported : Dmpu
2025-03-18 10:07:58,450 [ERROR] ConditionMgr:805 - Attr not supported : Dmpu
2025-03-18 10:07:58,450 [ERROR] ConditionMgr:805 - Attr not supported : Dmpu
2025-03-18 10:07:58,450 [ERROR] ConditionMgr:805 - Attr not supported : Dmpu
2025-03-18 10:07:58,450 [ERROR] ConditionMgr:805 - Attr not supported : Dmpu
2025-03-18 10:07:58,450 [ERROR] ConditionMgr:805 - Attr not supported : Dmpu
2025-03-18 10:07:58,450 [ERROR] ConditionMgr:805 - Attr not supported : Dmpu
2025-03-18 10:07:58,450 [ERROR] ConditionMgr:805 - Attr not supported : Dmpu
2025-03-18 10:07:58,450 [ERROR] ConditionMgr:805 - Attr not supported : Dmpu
2025-03-18 10:07:58,450 [ERROR] ConditionMgr:805 - Attr not supported : Dmpu
2025-03-18 10:07:58,450 [ERROR] ConditionMgr:805 - Attr not supported : Dmpu
2025-03-18 10:07:58,450 [ERROR] ConditionMgr:805 - Attr not supported : Dmpu
2025-03-18 10:07:58,450 [ERROR] ConditionMgr:805 - Attr not supported : Dmpu
2025-03-18 10:07:58,450 [ERROR] ConditionMgr:805 - Attr not supported : Dmpu
2025-03-18 10:07:58,451 [ERROR] ConditionMgr:805 - Attr not supported : Dmpu
2025-03-18 10:07:58,451 [ERROR] ConditionMgr:805 - Attr not supported : Dmpu
2025-03-18 10:07:58,451 [ERROR] ConditionMgr:805 - Attr not supported : Dmpu
2025-03-18 10:07:58,451 [ERROR] ConditionMgr:805 - Attr not supported : Dmpu
2025-03-18 10:07:58,451 [ERROR] ConditionMgr:805 - Attr not supported : Dmpu
2025-03-18 10:07:58,451 [ERROR] ConditionMgr:805 - Attr not supported : Dmpu
2025-03-18 10:07:58,451 [ERROR] ConditionMgr:805 - Attr not supported : Dmpu
2025-03-18 10:07:58,451 [ERROR] ConditionMgr:805 - Attr not supported : Dmpu
2025-03-18 10:07:58,451 [ERROR] ConditionMgr:805 - Attr not supported : Dmpu
2025-03-18 10:07:58,451 [ERROR] ConditionMgr:805 - Attr not supported : Dmpu
2025-03-18 10:07:58,451 [ERROR] ConditionMgr:805 - Attr not supported : Dmpu
2025-03-18 10:07:58,454 [ERROR] Engine:466 - /home/aizaz/.stm32cubemx/thirdparties/pdsc/STMicroelectronics.X-CUBE-TCPP.4.2.0.pdsc: PDSC version is not supported
2025-03-18 10:07:58,457 [WARN] PackLoader:240 - Cannot read IP mode file for RealThread.X-CUBE-RT-Thread_Nano.4.1.1
2025-03-18 10:07:58,459 [WARN] PackLoader:240 - Cannot read IP mode file for STMicroelectronics.FP-ATR-SIGFOX1.3.2.0
2025-03-18 10:07:58,462 [WARN] ConditionMgr:438 - getConditionDescription Invalid condition id : Cortex-A Device cause : null
2025-03-18 10:07:58,469 [WARN] ConditionMgr:1039 - genDependencies : Invalid condition id : Cortex-A Device cause : null
2025-03-18 10:07:58,469 [WARN] ConditionMgr:1039 - genDependencies : Invalid condition id : Cortex-A Device cause : null
2025-03-18 10:07:58,469 [WARN] ConditionMgr:1039 - genDependencies : Invalid condition id : Cortex-A Device cause : null
2025-03-18 10:07:58,475 [WARN] PackLoader:240 - Cannot read IP mode file for STMicroelectronics.X-CUBE-EEPRMA1.5.1.0
2025-03-18 10:07:58,478 [WARN] PackLoader:240 - Cannot read IP mode file for wolfSSL.I-CUBE-wolfSSL.5.7.4
2025-03-18 10:07:58,482 [WARN] PackLoader:240 - Cannot read IP mode file for ITTIA_DB.I-CUBE-ITTIADB.8.9.0
2025-03-18 10:07:58,512 [WARN] PackLoader:240 - Cannot read IP mode file for SEGGER.I-CUBE-embOS.1.3.1
2025-03-18 10:07:58,561 [WARN] PackLoader:240 - Cannot read IP mode file for STMicroelectronics.X-CUBE-ALGOBUILD.1.4.0
2025-03-18 10:07:58,564 [WARN] PackLoader:240 - Cannot read IP mode file for STMicroelectronics.X-CUBE-AI.9.1.0
2025-03-18 10:07:58,586 [WARN] PackLoader:240 - Cannot read IP mode file for STMicroelectronics.X-CUBE-AZRTOS-F4.1.1.0
2025-03-18 10:07:58,593 [WARN] PackLoader:240 - Cannot read IP mode file for STMicroelectronics.X-CUBE-ISPU.2.1.0
2025-03-18 10:07:58,611 [WARN] PackLoader:240 - Cannot read IP mode file for STMicroelectronics.X-CUBE-AZRTOS-L5.2.0.0
2025-03-18 10:07:58,618 [WARN] PackLoader:240 - Cannot read IP mode file for STMicroelectronics.X-CUBE-NFC6.3.1.0
2025-03-18 10:07:58,625 [WARN] PackLoader:240 - Cannot read IP mode file for STMicroelectronics.X-CUBE-DPower.1.2.0
2025-03-18 10:07:58,629 [WARN] PackLoader:240 - Cannot read IP mode file for STMicroelectronics.X-CUBE-FREERTOS.1.3.0
2025-03-18 10:07:58,633 [WARN] PackLoader:240 - Cannot read IP mode file for STMicroelectronics.X-CUBE-NFC7.1.0.1
2025-03-18 10:07:58,651 [WARN] ConditionMgr:438 - getConditionDescription Invalid condition id : LAN8742 Phy interface Condition cause : null
2025-03-18 10:07:58,652 [WARN] PackLoader:240 - Cannot read IP mode file for STMicroelectronics.X-CUBE-AZRTOS-L4.2.0.0
2025-03-18 10:07:58,653 [WARN] ConditionMgr:1039 - genDependencies : Invalid condition id : LAN8742 Phy interface Condition cause : null
2025-03-18 10:07:58,654 [WARN] ConditionMgr:1039 - genDependencies : Invalid condition id : LAN8742 Phy interface Condition cause : null
2025-03-18 10:07:58,655 [WARN] ConditionMgr:1039 - genDependencies : Invalid condition id : LAN8742 Phy interface Condition cause : null
2025-03-18 10:07:58,662 [WARN] PackLoader:240 - Cannot read IP mode file for STMicroelectronics.X-CUBE-SFXS2LP1.4.0.0
2025-03-18 10:07:58,697 [WARN] PackLoader:240 - Cannot read IP mode file for STMicroelectronics.X-CUBE-AZRTOS-H7.3.3.0
2025-03-18 10:07:58,731 [WARN] PackLoader:240 - Cannot read IP mode file for STMicroelectronics.X-CUBE-IPS.3.0.0
2025-03-18 10:07:58,753 [WARN] ConditionMgr:438 - getConditionDescription Invalid condition id : UX DEVICE CLASS RTOS Condition cause : null
2025-03-18 10:07:58,753 [WARN] ConditionMgr:438 - getConditionDescription Invalid condition id : UX DEVICE CLASS RTOS Condition cause : null
2025-03-18 10:07:58,757 [WARN] PackLoader:240 - Cannot read IP mode file for STMicroelectronics.X-CUBE-AZRTOS-WB.2.0.0
2025-03-18 10:07:58,758 [WARN] ConditionMgr:1039 - genDependencies : Invalid condition id : UX DEVICE CLASS RTOS Condition cause : null
2025-03-18 10:07:58,759 [WARN] ConditionMgr:1039 - genDependencies : Invalid condition id : UX DEVICE CLASS RTOS Condition cause : null
2025-03-18 10:07:58,759 [WARN] ConditionMgr:1039 - genDependencies : Invalid condition id : UX DEVICE CLASS RTOS Condition cause : null
2025-03-18 10:07:58,760 [WARN] ConditionMgr:1039 - genDependencies : Invalid condition id : UX DEVICE CLASS RTOS Condition cause : null
2025-03-18 10:07:58,760 [WARN] ConditionMgr:1039 - genDependencies : Invalid condition id : UX DEVICE CLASS RTOS Condition cause : null
2025-03-18 10:07:58,767 [WARN] PackLoader:240 - Cannot read IP mode file for STMicroelectronics.X-CUBE-GNSS1.7.0.1
2025-03-18 10:07:58,773 [WARN] PackLoader:240 - Cannot read IP mode file for STMicroelectronics.X-CUBE-TOUCHGFX.4.25.0
2025-03-18 10:07:58,778 [WARN] PackLoader:240 - Cannot read IP mode file for STMicroelectronics.FP-SNS-STBOX1.2.0.0
2025-03-18 10:07:58,789 [WARN] PackLoader:240 - Cannot read IP mode file for STMicroelectronics.X-CUBE-SUBG2.5.0.0
2025-03-18 10:07:58,809 [WARN] PackLoader:240 - Cannot read IP mode file for STMicroelectronics.X-CUBE-AZRTOS-H7RS.1.1.0
2025-03-18 10:07:58,814 [WARN] PackLoader:240 - Cannot read IP mode file for Cesanta.I-CUBE-Mongoose.7.13.0
2025-03-18 10:07:58,825 [WARN] PackLoader:240 - Cannot read IP mode file for STMicroelectronics.X-CUBE-AZRTOS-G4.2.0.0
2025-03-18 10:07:58,831 [ERROR] Engine:466 - /home/aizaz/.stm32cubemx/thirdparties/pdsc/STMicroelectronics.X-CUBE-IPS.3.1.0.pdsc: PDSC version is not supported
2025-03-18 10:07:58,833 [WARN] PackLoader:240 - Cannot read IP mode file for STMicroelectronics.X-CUBE-ALS.1.0.2
2025-03-18 10:07:58,836 [WARN] PackLoader:240 - Cannot read IP mode file for STMicroelectronics.X-CUBE-TOUCHGFX.4.24.2
2025-03-18 10:07:58,838 [WARN] PackLoader:240 - Cannot read IP mode file for STMicroelectronics.X-CUBE-TOUCHGFX.4.24.1
2025-03-18 10:07:58,840 [WARN] PackLoader:240 - Cannot read IP mode file for wolfSSL.I-CUBE-wolfTPM.3.4.0
2025-03-18 10:07:58,843 [WARN] PackLoader:240 - Cannot read IP mode file for portGmbH.I-Cube-SoM-uGOAL.1.1.0
2025-03-18 10:07:58,858 [WARN] PackLoader:240 - Cannot read IP mode file for STMicroelectronics.X-CUBE-AZRTOS-H7RS.1.0.0
2025-03-18 10:07:58,868 [WARN] PackLoader:240 - Cannot read IP mode file for STMicroelectronics.X-CUBE-TOF1.3.4.2
2025-03-18 10:07:58,883 [WARN] PackLoader:240 - Cannot read IP mode file for wolfSSL.I-CUBE-wolfSSH.1.4.17
2025-03-18 10:07:58,883 [INFO] ThirdParty:978 - Integrity check success = true
2025-03-18 10:07:58,883 [INFO] IntegrityCheckThread:100 - exiting critical section [integrity check]
2025-03-18 10:07:58,883 [INFO] IntegrityCheckThread:103 - End integrity checks thread
